<?xml version="1.0" encoding="UTF-8"?>
<!-- Generated by org.testng.reporters.JUnitReportReporter -->
<testsuite hostname="LAPTOP-3CF81NRV" failures="0" tests="1" name="testcases.DashboardTest" time="10.064" errors="0" timestamp="2021-06-24T22:01:42 IST" skipped="0">
  <testcase classname="testcases.DashboardTest" name="clickProduct_catalog" time="10.064"/>
  <system-out/>
</testsuite> <!-- testcases.DashboardTest -->
