<?xml version="1.0" encoding="UTF-8"?>
<!-- Generated by org.testng.reporters.JUnitReportReporter -->
<testsuite hostname="LAPTOP-3CF81NRV" failures="0" tests="1" name="testcases.LoginPageTest" time="9.105" errors="0" timestamp="2021-06-24T19:11:02 IST" skipped="0">
  <testcase classname="testcases.LoginPageTest" name="loginTest" time="9.105"/>
  <system-out/>
</testsuite> <!-- testcases.LoginPageTest -->
